<?xml version="1.0" encoding="UTF-8"?>
<!-- Generated by org.testng.reporters.JUnitXMLReporter -->
<testsuite ignored="1" hostname="Annu" failures="1" tests="4" name="Test" time="21.706" errors="0" timestamp="2022-05-31T15:23:40 IST">
  <testcase classname="testPackageSouceDemo.TC01_LoginPageFunctionality" name="logOutTest" time="0.007"/>
  <testcase classname="testPackageSouceDemo.TC01_LoginPageFunctionality" name="loginFunctionality" time="0.017">
    <failure type="java.lang.AssertionError" message="actual should be th swag Labs expected [Swag La] but found [Swag Labs]">
      <![CDATA[java.lang.AssertionError: actual should be th swag Labs expected [Swag La] but found [Swag Labs]
at testPackageSouceDemo.TC01_LoginPageFunctionality.loginFunctionality(TC01_LoginPageFunctionality.java:36)
at java.base/java.util.ArrayList.forEach(ArrayList.java:1511)
... Removed 32 stack frames]]>
    </failure>
  </testcase> <!-- loginFunctionality -->
  <testcase classname="testPackageSouceDemo.TC02_SingleProductAddtoCart" name="singleproduct" time="0.417"/>
  <testcase classname="testPackageSouceDemo.TC04_LogoutFunctionality" name="logoutFunctionality" time="0.275"/>
  <testcase classname="testPackageSouceDemo.TC03_HomePageTestClass" name="homepagefuctionality" time="0.0">
    <ignored/>
  </testcase> <!-- homepagefuctionality -->
</testsuite> <!-- Test -->
